
[2025-10-06 15:15:09] Starting storm count extraction for zambia
Domain: lat -19.0–-7.0, lon 21.0–35.0

Found 711229 files to process.

Processed 500/711229 files...
Processed 1000/711229 files...
Processed 1500/711229 files...
Processed 2000/711229 files...
Processed 2500/711229 files...
Processed 3000/711229 files...
Processed 3500/711229 files...
Processed 4000/711229 files...
Processed 4500/711229 files...
Processed 5000/711229 files...
Processed 5500/711229 files...
Processed 6000/711229 files...
Processed 6500/711229 files...
Processed 7000/711229 files...
Processed 7500/711229 files...
Processed 8000/711229 files...
Processed 8500/711229 files...
Processed 9000/711229 files...
Processed 9500/711229 files...
Processed 10000/711229 files...
Processed 10500/711229 files...
Processed 11000/711229 files...
Processed 11500/711229 files...
Processed 12000/711229 files...
Processed 12500/711229 files...
Processed 13000/711229 files...
Processed 13500/711229 files...
Processed 14000/711229 files...
Processed 14500/711229 files...
Processed 15000/711229 files...
Processed 15500/711229 files...
Processed 16000/711229 files...
Processed 16500/711229 files...
Processed 17000/711229 files...
Processed 17500/711229 files...
Processed 18000/711229 files...
Processed 18500/711229 files...
Processed 19000/711229 files...
Processed 19500/711229 files...
Processed 20000/711229 files...
Processed 20500/711229 files...
Processed 21000/711229 files...
Processed 21500/711229 files...
Processed 22000/711229 files...
Processed 22500/711229 files...
Processed 23000/711229 files...
Processed 23500/711229 files...
Processed 24000/711229 files...
Processed 24500/711229 files...
Processed 25000/711229 files...
Processed 25500/711229 files...
Processed 26000/711229 files...
Processed 26500/711229 files...
Processed 27000/711229 files...
Processed 27500/711229 files...
Processed 28000/711229 files...
Processed 28500/711229 files...
Processed 29000/711229 files...
Processed 29500/711229 files...
Processed 30000/711229 files...
Processed 30500/711229 files...
Processed 31000/711229 files...
Processed 31500/711229 files...
Processed 32000/711229 files...
Processed 32500/711229 files...
Processed 33000/711229 files...
Processed 33500/711229 files...
Processed 34000/711229 files...
Processed 34500/711229 files...
Processed 35000/711229 files...
Processed 35500/711229 files...
Processed 36000/711229 files...
Processed 36500/711229 files...
Processed 37000/711229 files...
Processed 37500/711229 files...
Processed 38000/711229 files...
Processed 38500/711229 files...
Processed 39000/711229 files...
Processed 39500/711229 files...
Processed 40000/711229 files...
Processed 40500/711229 files...
Processed 41000/711229 files...
Processed 41500/711229 files...
Processed 42000/711229 files...
Processed 42500/711229 files...
Processed 43000/711229 files...
Processed 43500/711229 files...
Processed 44000/711229 files...
Processed 44500/711229 files...
Processed 45000/711229 files...
Processed 45500/711229 files...
Processed 46000/711229 files...
Processed 46500/711229 files...
Processed 47000/711229 files...
Processed 47500/711229 files...
Processed 48000/711229 files...
Processed 48500/711229 files...
Processed 49000/711229 files...
Processed 49500/711229 files...
Processed 50000/711229 files...
Processed 50500/711229 files...
Processed 51000/711229 files...
Processed 51500/711229 files...
Processed 52000/711229 files...
Processed 52500/711229 files...
Processed 53000/711229 files...
Processed 53500/711229 files...
Processed 54000/711229 files...
Processed 54500/711229 files...
Processed 55000/711229 files...
Processed 55500/711229 files...
Processed 56000/711229 files...
Processed 56500/711229 files...
Processed 57000/711229 files...
Processed 57500/711229 files...
Processed 58000/711229 files...
Processed 58500/711229 files...
Processed 59000/711229 files...
Processed 59500/711229 files...
Processed 60000/711229 files...
Processed 60500/711229 files...
Processed 61000/711229 files...
Processed 61500/711229 files...
Processed 62000/711229 files...
Processed 62500/711229 files...
Processed 63000/711229 files...
Processed 63500/711229 files...
Processed 64000/711229 files...
Processed 64500/711229 files...
Processed 65000/711229 files...
Processed 65500/711229 files...
Processed 66000/711229 files...
Processed 66500/711229 files...
Processed 67000/711229 files...
Processed 67500/711229 files...
Processed 68000/711229 files...
Processed 68500/711229 files...
Processed 69000/711229 files...
Processed 69500/711229 files...
Processed 70000/711229 files...
Processed 70500/711229 files...
Processed 71000/711229 files...
Processed 71500/711229 files...
Processed 72000/711229 files...
Processed 72500/711229 files...
Processed 73000/711229 files...
Processed 73500/711229 files...
Processed 74000/711229 files...
Processed 74500/711229 files...
Processed 75000/711229 files...
Processed 75500/711229 files...
Processed 76000/711229 files...
Processed 76500/711229 files...
Processed 77000/711229 files...
Processed 77500/711229 files...
Processed 78000/711229 files...
Processed 78500/711229 files...
Processed 79000/711229 files...
Processed 79500/711229 files...
Processed 80000/711229 files...
Processed 80500/711229 files...
Processed 81000/711229 files...
Processed 81500/711229 files...
Processed 82000/711229 files...
Processed 82500/711229 files...
Processed 83000/711229 files...
Processed 83500/711229 files...
Processed 84000/711229 files...
Processed 84500/711229 files...
Processed 85000/711229 files...
Processed 85500/711229 files...
Processed 86000/711229 files...
Processed 86500/711229 files...
Processed 87000/711229 files...
Processed 87500/711229 files...
Processed 88000/711229 files...
Processed 88500/711229 files...
Processed 89000/711229 files...
Processed 89500/711229 files...
Processed 90000/711229 files...
Processed 90500/711229 files...
Processed 91000/711229 files...
Processed 91500/711229 files...
Processed 92000/711229 files...
Processed 92500/711229 files...
Processed 93000/711229 files...
Processed 93500/711229 files...
Processed 94000/711229 files...
Processed 94500/711229 files...
Processed 95000/711229 files...
Processed 95500/711229 files...
Processed 96000/711229 files...
Processed 96500/711229 files...
Processed 97000/711229 files...
Processed 97500/711229 files...
Processed 98000/711229 files...
Processed 98500/711229 files...
Processed 99000/711229 files...
Processed 99500/711229 files...
Processed 100000/711229 files...
Processed 100500/711229 files...
Processed 101000/711229 files...
Processed 101500/711229 files...
Processed 102000/711229 files...
Processed 102500/711229 files...
Processed 103000/711229 files...
Processed 103500/711229 files...
Processed 104000/711229 files...
Processed 104500/711229 files...
Processed 105000/711229 files...
Processed 105500/711229 files...
Processed 106000/711229 files...
Processed 106500/711229 files...
Processed 107000/711229 files...
Processed 107500/711229 files...
Processed 108000/711229 files...
Processed 108500/711229 files...
Processed 109000/711229 files...
Processed 109500/711229 files...
Processed 110000/711229 files...
Processed 110500/711229 files...
Processed 111000/711229 files...
Processed 111500/711229 files...
Processed 112000/711229 files...
Processed 112500/711229 files...
Processed 113000/711229 files...
Processed 113500/711229 files...
Processed 114000/711229 files...
Processed 114500/711229 files...
Processed 115000/711229 files...
Processed 115500/711229 files...
Processed 116000/711229 files...
Processed 116500/711229 files...
Processed 117000/711229 files...
Processed 117500/711229 files...
Processed 118000/711229 files...
Processed 118500/711229 files...
Processed 119000/711229 files...
Processed 119500/711229 files...
Processed 120000/711229 files...
Processed 120500/711229 files...
Processed 121000/711229 files...
Processed 121500/711229 files...
Processed 122000/711229 files...
Processed 122500/711229 files...
Processed 123000/711229 files...
Processed 123500/711229 files...
Processed 124000/711229 files...
Processed 124500/711229 files...
Processed 125000/711229 files...
Processed 125500/711229 files...
Processed 126000/711229 files...
Processed 126500/711229 files...
Processed 127000/711229 files...
Processed 127500/711229 files...
Processed 128000/711229 files...
Processed 128500/711229 files...
Processed 129000/711229 files...
Processed 129500/711229 files...
Processed 130000/711229 files...
Processed 130500/711229 files...
Processed 131000/711229 files...
Processed 131500/711229 files...
Processed 132000/711229 files...
Processed 132500/711229 files...
Processed 133000/711229 files...
Processed 133500/711229 files...
Processed 134000/711229 files...
Processed 134500/711229 files...
Processed 135000/711229 files...
Processed 135500/711229 files...
Processed 136000/711229 files...
Processed 136500/711229 files...
Processed 137000/711229 files...
Processed 137500/711229 files...
Processed 138000/711229 files...
Processed 138500/711229 files...
Processed 139000/711229 files...
Processed 139500/711229 files...
Processed 140000/711229 files...
Processed 140500/711229 files...
Processed 141000/711229 files...
Processed 141500/711229 files...
Processed 142000/711229 files...
Processed 142500/711229 files...
Processed 143000/711229 files...
Processed 143500/711229 files...
Processed 144000/711229 files...
Processed 144500/711229 files...
Processed 145000/711229 files...
Processed 145500/711229 files...
Processed 146000/711229 files...
Processed 146500/711229 files...
Processed 147000/711229 files...
Processed 147500/711229 files...
Processed 148000/711229 files...
Processed 148500/711229 files...
Processed 149000/711229 files...
Processed 149500/711229 files...
Processed 150000/711229 files...
Processed 150500/711229 files...
Processed 151000/711229 files...
Processed 151500/711229 files...
Processed 152000/711229 files...
Processed 152500/711229 files...
Processed 153000/711229 files...
Processed 153500/711229 files...
Processed 154000/711229 files...
Processed 154500/711229 files...
Processed 155000/711229 files...
Processed 155500/711229 files...
Processed 156000/711229 files...
Processed 156500/711229 files...
Processed 157000/711229 files...
Processed 157500/711229 files...
Processed 158000/711229 files...
Processed 158500/711229 files...
Processed 159000/711229 files...
Processed 159500/711229 files...
Processed 160000/711229 files...
Processed 160500/711229 files...
Processed 161000/711229 files...
Processed 161500/711229 files...
Processed 162000/711229 files...
Processed 162500/711229 files...
Processed 163000/711229 files...
Processed 163500/711229 files...
Processed 164000/711229 files...
Processed 164500/711229 files...
Processed 165000/711229 files...
Processed 165500/711229 files...
Processed 166000/711229 files...
Processed 166500/711229 files...
Processed 167000/711229 files...
Processed 167500/711229 files...
Processed 168000/711229 files...
Processed 168500/711229 files...
Processed 169000/711229 files...
Processed 169500/711229 files...
Processed 170000/711229 files...
Processed 170500/711229 files...
Processed 171000/711229 files...
Processed 171500/711229 files...
Processed 172000/711229 files...
Processed 172500/711229 files...
Processed 173000/711229 files...
Processed 173500/711229 files...
Processed 174000/711229 files...
Processed 174500/711229 files...
Processed 175000/711229 files...
Processed 175500/711229 files...
Processed 176000/711229 files...
Processed 176500/711229 files...
Processed 177000/711229 files...
Processed 177500/711229 files...
Processed 178000/711229 files...
Processed 178500/711229 files...
Processed 179000/711229 files...
Processed 179500/711229 files...
Processed 180000/711229 files...
Processed 180500/711229 files...
Processed 181000/711229 files...
Processed 181500/711229 files...
Processed 182000/711229 files...
Processed 182500/711229 files...
Processed 183000/711229 files...
Processed 183500/711229 files...
Processed 184000/711229 files...
Processed 184500/711229 files...
Processed 185000/711229 files...
Processed 185500/711229 files...
Processed 186000/711229 files...
Processed 186500/711229 files...
Processed 187000/711229 files...
Processed 187500/711229 files...
Processed 188000/711229 files...
Processed 188500/711229 files...
Processed 189000/711229 files...
Processed 189500/711229 files...
Processed 190000/711229 files...
Processed 190500/711229 files...
Processed 191000/711229 files...
Processed 191500/711229 files...
Processed 192000/711229 files...
Processed 192500/711229 files...
Processed 193000/711229 files...
Processed 193500/711229 files...
Processed 194000/711229 files...
Processed 194500/711229 files...
Processed 195000/711229 files...
Processed 195500/711229 files...
Processed 196000/711229 files...
Processed 196500/711229 files...
Processed 197000/711229 files...
Processed 197500/711229 files...
Processed 198000/711229 files...
Processed 198500/711229 files...
Processed 199000/711229 files...
Processed 199500/711229 files...
Processed 200000/711229 files...
Processed 200500/711229 files...
Processed 201000/711229 files...
Processed 201500/711229 files...
Processed 202000/711229 files...
Processed 202500/711229 files...
Processed 203000/711229 files...
Processed 203500/711229 files...
Processed 204000/711229 files...
Processed 204500/711229 files...
Processed 205000/711229 files...
Processed 205500/711229 files...
Processed 206000/711229 files...
Processed 206500/711229 files...
Processed 207000/711229 files...
Processed 207500/711229 files...
Processed 208000/711229 files...
Processed 208500/711229 files...
Processed 209000/711229 files...
Processed 209500/711229 files...
Processed 210000/711229 files...
Processed 210500/711229 files...
Processed 211000/711229 files...
Processed 211500/711229 files...
Processed 212000/711229 files...
Processed 212500/711229 files...
Processed 213000/711229 files...
Processed 213500/711229 files...
Processed 214000/711229 files...
Processed 214500/711229 files...
Processed 215000/711229 files...
Processed 215500/711229 files...
Processed 216000/711229 files...
Processed 216500/711229 files...
Processed 217000/711229 files...
Processed 217500/711229 files...
Processed 218000/711229 files...
Processed 218500/711229 files...
Processed 219000/711229 files...
Processed 219500/711229 files...
Processed 220000/711229 files...
Processed 220500/711229 files...
Processed 221000/711229 files...
Processed 221500/711229 files...
Processed 222000/711229 files...
Processed 222500/711229 files...
Processed 223000/711229 files...
Processed 223500/711229 files...
Processed 224000/711229 files...
Processed 224500/711229 files...
Processed 225000/711229 files...
Processed 225500/711229 files...
Processed 226000/711229 files...
Processed 226500/711229 files...
Processed 227000/711229 files...
Processed 227500/711229 files...
Processed 228000/711229 files...
Processed 228500/711229 files...
Processed 229000/711229 files...
Processed 229500/711229 files...
Processed 230000/711229 files...
Processed 230500/711229 files...
Processed 231000/711229 files...
Processed 231500/711229 files...
Processed 232000/711229 files...
Processed 232500/711229 files...
Processed 233000/711229 files...
Processed 233500/711229 files...
Processed 234000/711229 files...
Processed 234500/711229 files...
Processed 235000/711229 files...
Processed 235500/711229 files...
Processed 236000/711229 files...
Processed 236500/711229 files...
Processed 237000/711229 files...
Processed 237500/711229 files...
Processed 238000/711229 files...
Processed 238500/711229 files...
Processed 239000/711229 files...
Processed 239500/711229 files...
Processed 240000/711229 files...
Processed 240500/711229 files...
Processed 241000/711229 files...
Processed 241500/711229 files...
Processed 242000/711229 files...
Processed 242500/711229 files...
Processed 243000/711229 files...
Processed 243500/711229 files...
Processed 244000/711229 files...
Processed 244500/711229 files...
Processed 245000/711229 files...
Processed 245500/711229 files...
Processed 246000/711229 files...
Processed 246500/711229 files...
Processed 247000/711229 files...
Processed 247500/711229 files...
Processed 248000/711229 files...
Processed 248500/711229 files...
Processed 249000/711229 files...
Processed 249500/711229 files...
Processed 250000/711229 files...
Processed 250500/711229 files...
Processed 251000/711229 files...
Processed 251500/711229 files...
Processed 252000/711229 files...
Processed 252500/711229 files...
Processed 253000/711229 files...
Processed 253500/711229 files...
Processed 254000/711229 files...
Processed 254500/711229 files...
Processed 255000/711229 files...
Processed 255500/711229 files...
Processed 256000/711229 files...
Processed 256500/711229 files...
Processed 257000/711229 files...
Processed 257500/711229 files...
Processed 258000/711229 files...
Processed 258500/711229 files...
Processed 259000/711229 files...
Processed 259500/711229 files...
Processed 260000/711229 files...
Processed 260500/711229 files...
Processed 261000/711229 files...
Processed 261500/711229 files...
Processed 262000/711229 files...
Processed 262500/711229 files...
Processed 263000/711229 files...
Processed 263500/711229 files...
Processed 264000/711229 files...
Processed 264500/711229 files...
Processed 265000/711229 files...
Processed 265500/711229 files...
Processed 266000/711229 files...
Processed 266500/711229 files...
Processed 267000/711229 files...
Processed 267500/711229 files...
Processed 268000/711229 files...
Processed 268500/711229 files...
Processed 269000/711229 files...
Processed 269500/711229 files...
Processed 270000/711229 files...
Processed 270500/711229 files...
Processed 271000/711229 files...
Processed 271500/711229 files...
Processed 272000/711229 files...
Processed 272500/711229 files...
Processed 273000/711229 files...
Processed 273500/711229 files...
Processed 274000/711229 files...
Processed 274500/711229 files...
Processed 275000/711229 files...
Processed 275500/711229 files...
Processed 276000/711229 files...
Processed 276500/711229 files...
Processed 277000/711229 files...
Processed 277500/711229 files...
Processed 278000/711229 files...
Processed 278500/711229 files...
Processed 279000/711229 files...
Processed 279500/711229 files...
Processed 280000/711229 files...
Processed 280500/711229 files...
Processed 281000/711229 files...
Processed 281500/711229 files...
Processed 282000/711229 files...
Processed 282500/711229 files...
Processed 283000/711229 files...
Processed 283500/711229 files...
Processed 284000/711229 files...
Processed 284500/711229 files...
Processed 285000/711229 files...
Processed 285500/711229 files...
Processed 286000/711229 files...
Processed 286500/711229 files...
Processed 287000/711229 files...
Processed 287500/711229 files...
Processed 288000/711229 files...
Processed 288500/711229 files...
Processed 289000/711229 files...
Processed 289500/711229 files...
Processed 290000/711229 files...
Processed 290500/711229 files...
Processed 291000/711229 files...
Processed 291500/711229 files...
Processed 292000/711229 files...
Processed 292500/711229 files...
Processed 293000/711229 files...
Processed 293500/711229 files...
Processed 294000/711229 files...
Processed 294500/711229 files...
Processed 295000/711229 files...
Processed 295500/711229 files...
Processed 296000/711229 files...
Processed 296500/711229 files...
Processed 297000/711229 files...
Processed 297500/711229 files...
Processed 298000/711229 files...
Processed 298500/711229 files...
Processed 299000/711229 files...
Processed 299500/711229 files...
Processed 300000/711229 files...
Processed 300500/711229 files...
Processed 301000/711229 files...
Processed 301500/711229 files...
Processed 302000/711229 files...
Processed 302500/711229 files...
Processed 303000/711229 files...
Processed 303500/711229 files...
Processed 304000/711229 files...
Processed 304500/711229 files...
Processed 305000/711229 files...
Processed 305500/711229 files...
Processed 306000/711229 files...
Processed 306500/711229 files...
Processed 307000/711229 files...
Processed 307500/711229 files...
Processed 308000/711229 files...
Processed 308500/711229 files...
Processed 309000/711229 files...
Processed 309500/711229 files...
Processed 310000/711229 files...
Processed 310500/711229 files...
Processed 311000/711229 files...
Processed 311500/711229 files...
Processed 312000/711229 files...
Processed 312500/711229 files...
Processed 313000/711229 files...
Processed 313500/711229 files...
Processed 314000/711229 files...
Processed 314500/711229 files...
Processed 315000/711229 files...
Processed 315500/711229 files...
Processed 316000/711229 files...
Processed 316500/711229 files...
Processed 317000/711229 files...
Processed 317500/711229 files...
Processed 318000/711229 files...
Processed 318500/711229 files...
Processed 319000/711229 files...
Processed 319500/711229 files...
Processed 320000/711229 files...
Processed 320500/711229 files...
Processed 321000/711229 files...
Processed 321500/711229 files...
Processed 322000/711229 files...
Processed 322500/711229 files...
Processed 323000/711229 files...
Processed 323500/711229 files...
Processed 324000/711229 files...
Processed 324500/711229 files...
Processed 325000/711229 files...
Processed 325500/711229 files...
Processed 326000/711229 files...
Processed 326500/711229 files...
Processed 327000/711229 files...
Processed 327500/711229 files...
Processed 328000/711229 files...
Processed 328500/711229 files...
Processed 329000/711229 files...
Processed 329500/711229 files...
Processed 330000/711229 files...
Processed 330500/711229 files...
Processed 331000/711229 files...
Processed 331500/711229 files...
Processed 332000/711229 files...
Processed 332500/711229 files...
Processed 333000/711229 files...
Processed 333500/711229 files...
Processed 334000/711229 files...
Processed 334500/711229 files...
Processed 335000/711229 files...
Processed 335500/711229 files...
Processed 336000/711229 files...
Processed 336500/711229 files...
Processed 337000/711229 files...
Processed 337500/711229 files...
Processed 338000/711229 files...
Processed 338500/711229 files...
Processed 339000/711229 files...
Processed 339500/711229 files...
Processed 340000/711229 files...
Processed 340500/711229 files...
Processed 341000/711229 files...
Processed 341500/711229 files...
Processed 342000/711229 files...
Processed 342500/711229 files...
Processed 343000/711229 files...
Processed 343500/711229 files...
Processed 344000/711229 files...
Processed 344500/711229 files...
Processed 345000/711229 files...
Processed 345500/711229 files...
Processed 346000/711229 files...
Processed 346500/711229 files...
Processed 347000/711229 files...
Processed 347500/711229 files...
Processed 348000/711229 files...
Processed 348500/711229 files...
Processed 349000/711229 files...
Processed 349500/711229 files...
Processed 350000/711229 files...
Processed 350500/711229 files...
Processed 351000/711229 files...
Processed 351500/711229 files...
Processed 352000/711229 files...
Processed 352500/711229 files...
Processed 353000/711229 files...
Processed 353500/711229 files...
Processed 354000/711229 files...
Processed 354500/711229 files...
Processed 355000/711229 files...
Processed 355500/711229 files...
Processed 356000/711229 files...
Processed 356500/711229 files...
Processed 357000/711229 files...
Processed 357500/711229 files...
Processed 358000/711229 files...
Processed 358500/711229 files...
Processed 359000/711229 files...
Processed 359500/711229 files...
Processed 360000/711229 files...
Processed 360500/711229 files...
Processed 361000/711229 files...
Processed 361500/711229 files...
Processed 362000/711229 files...
Processed 362500/711229 files...
Processed 363000/711229 files...
Processed 363500/711229 files...
Processed 364000/711229 files...
Processed 364500/711229 files...
Processed 365000/711229 files...
Processed 365500/711229 files...
Processed 366000/711229 files...
Processed 366500/711229 files...
Processed 367000/711229 files...
Processed 367500/711229 files...
Processed 368000/711229 files...
Processed 368500/711229 files...
Processed 369000/711229 files...
Processed 369500/711229 files...
Processed 370000/711229 files...
Processed 370500/711229 files...
Processed 371000/711229 files...
Processed 371500/711229 files...
Processed 372000/711229 files...
Processed 372500/711229 files...
Processed 373000/711229 files...
Processed 373500/711229 files...
Processed 374000/711229 files...
Processed 374500/711229 files...
Processed 375000/711229 files...
Processed 375500/711229 files...
Processed 376000/711229 files...
Processed 376500/711229 files...
Processed 377000/711229 files...
Processed 377500/711229 files...
Processed 378000/711229 files...
Processed 378500/711229 files...
Processed 379000/711229 files...
Processed 379500/711229 files...
Processed 380000/711229 files...
Processed 380500/711229 files...
Processed 381000/711229 files...
Processed 381500/711229 files...
Processed 382000/711229 files...
Processed 382500/711229 files...
Processed 383000/711229 files...
Processed 383500/711229 files...
Processed 384000/711229 files...
Processed 384500/711229 files...
Processed 385000/711229 files...
Processed 385500/711229 files...
Processed 386000/711229 files...
Processed 386500/711229 files...
Processed 387000/711229 files...
Processed 387500/711229 files...
Processed 388000/711229 files...
Processed 388500/711229 files...
Processed 389000/711229 files...
Processed 389500/711229 files...
Processed 390000/711229 files...
Processed 390500/711229 files...
Processed 391000/711229 files...
Processed 391500/711229 files...
Processed 392000/711229 files...
Processed 392500/711229 files...
Processed 393000/711229 files...
Processed 393500/711229 files...
Processed 394000/711229 files...
Processed 394500/711229 files...
Processed 395000/711229 files...
Processed 395500/711229 files...
Processed 396000/711229 files...
Processed 396500/711229 files...
Processed 397000/711229 files...
Processed 397500/711229 files...
Processed 398000/711229 files...
Processed 398500/711229 files...
Processed 399000/711229 files...
Processed 399500/711229 files...
Processed 400000/711229 files...
Processed 400500/711229 files...
Processed 401000/711229 files...
Processed 401500/711229 files...
Processed 402000/711229 files...
Processed 402500/711229 files...
Processed 403000/711229 files...
Processed 403500/711229 files...
Processed 404000/711229 files...
Processed 404500/711229 files...
Processed 405000/711229 files...
Processed 405500/711229 files...
Processed 406000/711229 files...
Processed 406500/711229 files...
Processed 407000/711229 files...
Processed 407500/711229 files...
Processed 408000/711229 files...
Processed 408500/711229 files...
Processed 409000/711229 files...
Processed 409500/711229 files...
Processed 410000/711229 files...
Processed 410500/711229 files...
Processed 411000/711229 files...
Processed 411500/711229 files...
Processed 412000/711229 files...
Processed 412500/711229 files...
Processed 413000/711229 files...
Processed 413500/711229 files...
Processed 414000/711229 files...
Processed 414500/711229 files...
Processed 415000/711229 files...
Processed 415500/711229 files...
Processed 416000/711229 files...
Processed 416500/711229 files...
Processed 417000/711229 files...
Processed 417500/711229 files...
Processed 418000/711229 files...
Processed 418500/711229 files...
Processed 419000/711229 files...
Processed 419500/711229 files...
Processed 420000/711229 files...
Processed 420500/711229 files...
Processed 421000/711229 files...
Processed 421500/711229 files...
Processed 422000/711229 files...
Processed 422500/711229 files...
Processed 423000/711229 files...
Processed 423500/711229 files...
Processed 424000/711229 files...
Processed 424500/711229 files...
Processed 425000/711229 files...
Processed 425500/711229 files...
Processed 426000/711229 files...
Processed 426500/711229 files...
Processed 427000/711229 files...
Processed 427500/711229 files...
Processed 428000/711229 files...
Processed 428500/711229 files...
Processed 429000/711229 files...
Processed 429500/711229 files...
Processed 430000/711229 files...
Processed 430500/711229 files...
Processed 431000/711229 files...
Processed 431500/711229 files...
Processed 432000/711229 files...
Processed 432500/711229 files...
Processed 433000/711229 files...
Processed 433500/711229 files...
Processed 434000/711229 files...
Processed 434500/711229 files...
Processed 435000/711229 files...
Processed 435500/711229 files...
Processed 436000/711229 files...
Processed 436500/711229 files...
Processed 437000/711229 files...
Processed 437500/711229 files...
Processed 438000/711229 files...
Processed 438500/711229 files...
Processed 439000/711229 files...
Processed 439500/711229 files...
Processed 440000/711229 files...
Processed 440500/711229 files...
Processed 441000/711229 files...
Processed 441500/711229 files...
Processed 442000/711229 files...
Processed 442500/711229 files...
Processed 443000/711229 files...
Processed 443500/711229 files...
Processed 444000/711229 files...
Processed 444500/711229 files...
Processed 445000/711229 files...
Processed 445500/711229 files...
Processed 446000/711229 files...
Processed 446500/711229 files...
Processed 447000/711229 files...
Processed 447500/711229 files...
Processed 448000/711229 files...
Processed 448500/711229 files...
Processed 449000/711229 files...
Processed 449500/711229 files...
Processed 450000/711229 files...
Processed 450500/711229 files...
Processed 451000/711229 files...
Processed 451500/711229 files...
Processed 452000/711229 files...
Processed 452500/711229 files...
Processed 453000/711229 files...
Processed 453500/711229 files...
Processed 454000/711229 files...
Processed 454500/711229 files...
Processed 455000/711229 files...
Processed 455500/711229 files...
Processed 456000/711229 files...
Processed 456500/711229 files...
Processed 457000/711229 files...
Processed 457500/711229 files...
Processed 458000/711229 files...
Processed 458500/711229 files...
Processed 459000/711229 files...
Processed 459500/711229 files...
Processed 460000/711229 files...
Processed 460500/711229 files...
Processed 461000/711229 files...
Processed 461500/711229 files...
Processed 462000/711229 files...
Processed 462500/711229 files...
Processed 463000/711229 files...
Processed 463500/711229 files...
Processed 464000/711229 files...
Processed 464500/711229 files...
Processed 465000/711229 files...
Processed 465500/711229 files...
Processed 466000/711229 files...
Processed 466500/711229 files...
Processed 467000/711229 files...
Processed 467500/711229 files...
Processed 468000/711229 files...
Processed 468500/711229 files...
Processed 469000/711229 files...
Processed 469500/711229 files...
Processed 470000/711229 files...
Processed 470500/711229 files...
Processed 471000/711229 files...
Processed 471500/711229 files...
Processed 472000/711229 files...
Processed 472500/711229 files...
Processed 473000/711229 files...
Processed 473500/711229 files...
Processed 474000/711229 files...
Processed 474500/711229 files...
Processed 475000/711229 files...
Processed 475500/711229 files...
Processed 476000/711229 files...
Processed 476500/711229 files...
Processed 477000/711229 files...
Processed 477500/711229 files...
Processed 478000/711229 files...
Processed 478500/711229 files...
Processed 479000/711229 files...
Processed 479500/711229 files...
Processed 480000/711229 files...
Processed 480500/711229 files...
Processed 481000/711229 files...
Processed 481500/711229 files...
Processed 482000/711229 files...
Processed 482500/711229 files...
Processed 483000/711229 files...
Processed 483500/711229 files...
Processed 484000/711229 files...
Processed 484500/711229 files...
Processed 485000/711229 files...
Processed 485500/711229 files...
Processed 486000/711229 files...
Processed 486500/711229 files...
Processed 487000/711229 files...
Processed 487500/711229 files...
Processed 488000/711229 files...
Processed 488500/711229 files...
Processed 489000/711229 files...
Processed 489500/711229 files...
Processed 490000/711229 files...
Processed 490500/711229 files...
Processed 491000/711229 files...
Processed 491500/711229 files...
Processed 492000/711229 files...
Processed 492500/711229 files...
Processed 493000/711229 files...
Processed 493500/711229 files...
Processed 494000/711229 files...
Processed 494500/711229 files...
Processed 495000/711229 files...
Processed 495500/711229 files...
Processed 496000/711229 files...
Processed 496500/711229 files...
Processed 497000/711229 files...
Processed 497500/711229 files...
Processed 498000/711229 files...
Processed 498500/711229 files...
Processed 499000/711229 files...
Processed 499500/711229 files...
Processed 500000/711229 files...
Processed 500500/711229 files...
Processed 501000/711229 files...
Processed 501500/711229 files...
Processed 502000/711229 files...
Processed 502500/711229 files...
Processed 503000/711229 files...
Processed 503500/711229 files...
Processed 504000/711229 files...
Processed 504500/711229 files...
Processed 505000/711229 files...
Processed 505500/711229 files...
Processed 506000/711229 files...
Processed 506500/711229 files...
Processed 507000/711229 files...
Processed 507500/711229 files...
Processed 508000/711229 files...
Processed 508500/711229 files...
Processed 509000/711229 files...
Processed 509500/711229 files...
Processed 510000/711229 files...
Processed 510500/711229 files...
Processed 511000/711229 files...
Processed 511500/711229 files...
Processed 512000/711229 files...
Processed 512500/711229 files...
Processed 513000/711229 files...
Processed 513500/711229 files...
Processed 514000/711229 files...
Processed 514500/711229 files...
Processed 515000/711229 files...
Processed 515500/711229 files...
Processed 516000/711229 files...
Processed 516500/711229 files...
Processed 517000/711229 files...
Processed 517500/711229 files...
Processed 518000/711229 files...
Processed 518500/711229 files...
Processed 519000/711229 files...
Processed 519500/711229 files...
Processed 520000/711229 files...
Processed 520500/711229 files...
Processed 521000/711229 files...
Processed 521500/711229 files...
Processed 522000/711229 files...
Processed 522500/711229 files...
Processed 523000/711229 files...
Processed 523500/711229 files...
Processed 524000/711229 files...
Processed 524500/711229 files...
Processed 525000/711229 files...
Processed 525500/711229 files...
Processed 526000/711229 files...
Processed 526500/711229 files...
Processed 527000/711229 files...
Processed 527500/711229 files...
Processed 528000/711229 files...
Processed 528500/711229 files...
Processed 529000/711229 files...
Processed 529500/711229 files...
Processed 530000/711229 files...
Processed 530500/711229 files...
Processed 531000/711229 files...
Processed 531500/711229 files...
Processed 532000/711229 files...
Processed 532500/711229 files...
Processed 533000/711229 files...
Processed 533500/711229 files...
Processed 534000/711229 files...
Processed 534500/711229 files...
Processed 535000/711229 files...
Processed 535500/711229 files...
Processed 536000/711229 files...
Processed 536500/711229 files...
Processed 537000/711229 files...
Processed 537500/711229 files...
Processed 538000/711229 files...
Processed 538500/711229 files...
Processed 539000/711229 files...
Processed 539500/711229 files...
Processed 540000/711229 files...
Processed 540500/711229 files...
Processed 541000/711229 files...
Processed 541500/711229 files...
Processed 542000/711229 files...
Processed 542500/711229 files...
Processed 543000/711229 files...
Processed 543500/711229 files...
Processed 544000/711229 files...
Processed 544500/711229 files...
Processed 545000/711229 files...
Processed 545500/711229 files...
Processed 546000/711229 files...
Processed 546500/711229 files...
Processed 547000/711229 files...
Processed 547500/711229 files...
Processed 548000/711229 files...
Processed 548500/711229 files...
Processed 549000/711229 files...
Processed 549500/711229 files...
Processed 550000/711229 files...
Processed 550500/711229 files...
Processed 551000/711229 files...
Processed 551500/711229 files...
Processed 552000/711229 files...
Processed 552500/711229 files...
Processed 553000/711229 files...
Processed 553500/711229 files...
Processed 554000/711229 files...
Processed 554500/711229 files...
Processed 555000/711229 files...
Processed 555500/711229 files...
Processed 556000/711229 files...
Processed 556500/711229 files...
Processed 557000/711229 files...
Processed 557500/711229 files...
Processed 558000/711229 files...
Processed 558500/711229 files...
Processed 559000/711229 files...
Processed 559500/711229 files...
Processed 560000/711229 files...
Processed 560500/711229 files...
Processed 561000/711229 files...
Processed 561500/711229 files...
Processed 562000/711229 files...
Processed 562500/711229 files...
Processed 563000/711229 files...
Processed 563500/711229 files...
Processed 564000/711229 files...
Processed 564500/711229 files...
Processed 565000/711229 files...
Processed 565500/711229 files...
Processed 566000/711229 files...
Processed 566500/711229 files...
Processed 567000/711229 files...
Processed 567500/711229 files...
Processed 568000/711229 files...
Processed 568500/711229 files...
Processed 569000/711229 files...
Processed 569500/711229 files...
Processed 570000/711229 files...
Processed 570500/711229 files...
Processed 571000/711229 files...
Processed 571500/711229 files...
Processed 572000/711229 files...
Processed 572500/711229 files...
Processed 573000/711229 files...
Processed 573500/711229 files...
Processed 574000/711229 files...
Processed 574500/711229 files...
Processed 575000/711229 files...
Processed 575500/711229 files...
Processed 576000/711229 files...
Processed 576500/711229 files...
Processed 577000/711229 files...
Processed 577500/711229 files...
Processed 578000/711229 files...
Processed 578500/711229 files...
Processed 579000/711229 files...
Processed 579500/711229 files...
Processed 580000/711229 files...
Processed 580500/711229 files...
Processed 581000/711229 files...
Processed 581500/711229 files...
Processed 582000/711229 files...
Processed 582500/711229 files...
Processed 583000/711229 files...
Processed 583500/711229 files...
Processed 584000/711229 files...
Processed 584500/711229 files...
Processed 585000/711229 files...
Processed 585500/711229 files...
Processed 586000/711229 files...
Processed 586500/711229 files...
Processed 587000/711229 files...
Processed 587500/711229 files...
Processed 588000/711229 files...
Processed 588500/711229 files...
Processed 589000/711229 files...
Processed 589500/711229 files...
Processed 590000/711229 files...
Processed 590500/711229 files...
Processed 591000/711229 files...
Processed 591500/711229 files...
Processed 592000/711229 files...
Processed 592500/711229 files...
Processed 593000/711229 files...
Processed 593500/711229 files...
Processed 594000/711229 files...
Processed 594500/711229 files...
Processed 595000/711229 files...
Processed 595500/711229 files...
Processed 596000/711229 files...
Processed 596500/711229 files...
Processed 597000/711229 files...
Processed 597500/711229 files...
Processed 598000/711229 files...
Processed 598500/711229 files...
Processed 599000/711229 files...
Processed 599500/711229 files...
Processed 600000/711229 files...
Processed 600500/711229 files...
Processed 601000/711229 files...
Processed 601500/711229 files...
Processed 602000/711229 files...
Processed 602500/711229 files...
Processed 603000/711229 files...
Processed 603500/711229 files...
Processed 604000/711229 files...
Processed 604500/711229 files...
Processed 605000/711229 files...
Processed 605500/711229 files...
Processed 606000/711229 files...
Processed 606500/711229 files...
Processed 607000/711229 files...
Processed 607500/711229 files...
Processed 608000/711229 files...
Processed 608500/711229 files...
Processed 609000/711229 files...
Processed 609500/711229 files...
Processed 610000/711229 files...
Processed 610500/711229 files...
Processed 611000/711229 files...
Processed 611500/711229 files...
Processed 612000/711229 files...
Processed 612500/711229 files...
Processed 613000/711229 files...
Processed 613500/711229 files...
Processed 614000/711229 files...
Processed 614500/711229 files...
Processed 615000/711229 files...
Processed 615500/711229 files...
Processed 616000/711229 files...
Processed 616500/711229 files...
Processed 617000/711229 files...
Processed 617500/711229 files...
Processed 618000/711229 files...
Processed 618500/711229 files...
Processed 619000/711229 files...
Processed 619500/711229 files...
Processed 620000/711229 files...
Processed 620500/711229 files...
Processed 621000/711229 files...
Processed 621500/711229 files...
Processed 622000/711229 files...
Processed 622500/711229 files...
Processed 623000/711229 files...
Processed 623500/711229 files...
Processed 624000/711229 files...
Processed 624500/711229 files...
Processed 625000/711229 files...
Processed 625500/711229 files...
Processed 626000/711229 files...
Processed 626500/711229 files...
Processed 627000/711229 files...
Processed 627500/711229 files...
Processed 628000/711229 files...
Processed 628500/711229 files...
Processed 629000/711229 files...
Processed 629500/711229 files...
Processed 630000/711229 files...
Processed 630500/711229 files...
Processed 631000/711229 files...
Processed 631500/711229 files...
Processed 632000/711229 files...
Processed 632500/711229 files...
Processed 633000/711229 files...
Processed 633500/711229 files...
Processed 634000/711229 files...
Processed 634500/711229 files...
Processed 635000/711229 files...
Processed 635500/711229 files...
Processed 636000/711229 files...
Processed 636500/711229 files...
Processed 637000/711229 files...
Processed 637500/711229 files...
Processed 638000/711229 files...
Processed 638500/711229 files...
Processed 639000/711229 files...
Processed 639500/711229 files...
Processed 640000/711229 files...
Processed 640500/711229 files...
Processed 641000/711229 files...
Processed 641500/711229 files...
Processed 642000/711229 files...
Processed 642500/711229 files...
Processed 643000/711229 files...
Processed 643500/711229 files...
Processed 644000/711229 files...
Processed 644500/711229 files...
Processed 645000/711229 files...
Processed 645500/711229 files...
Processed 646000/711229 files...
Processed 646500/711229 files...
Processed 647000/711229 files...
Processed 647500/711229 files...
Processed 648000/711229 files...
Processed 648500/711229 files...
Processed 649000/711229 files...
Processed 649500/711229 files...
Processed 650000/711229 files...
Processed 650500/711229 files...
Processed 651000/711229 files...
Processed 651500/711229 files...
Processed 652000/711229 files...
Processed 652500/711229 files...
Processed 653000/711229 files...
Processed 653500/711229 files...
Processed 654000/711229 files...
Processed 654500/711229 files...
Processed 655000/711229 files...
Processed 655500/711229 files...
Processed 656000/711229 files...
Processed 656500/711229 files...
Processed 657000/711229 files...
Processed 657500/711229 files...
Processed 658000/711229 files...
Processed 658500/711229 files...
Processed 659000/711229 files...
Processed 659500/711229 files...
Processed 660000/711229 files...
Processed 660500/711229 files...
Processed 661000/711229 files...
Processed 661500/711229 files...
Processed 662000/711229 files...
Processed 662500/711229 files...
Processed 663000/711229 files...
Processed 663500/711229 files...
Processed 664000/711229 files...
Processed 664500/711229 files...
Processed 665000/711229 files...
Processed 665500/711229 files...
Processed 666000/711229 files...
Processed 666500/711229 files...
Processed 667000/711229 files...
Processed 667500/711229 files...
Processed 668000/711229 files...
Processed 668500/711229 files...
Processed 669000/711229 files...
Processed 669500/711229 files...
Processed 670000/711229 files...
Processed 670500/711229 files...
Corrupted or unreadable file skipped: /gws/nopw/j04/cocoon/SSA_domain/ch9_wavelet/2023/12/202312020300.nc
Corrupted or unreadable file skipped: /gws/nopw/j04/cocoon/SSA_domain/ch9_wavelet/2023/12/202312031845.nc
Processed 671000/711229 files...
Corrupted or unreadable file skipped: /gws/nopw/j04/cocoon/SSA_domain/ch9_wavelet/2023/12/202312061900.nc
Corrupted or unreadable file skipped: /gws/nopw/j04/cocoon/SSA_domain/ch9_wavelet/2023/12/202312081715.nc
Corrupted or unreadable file skipped: /gws/nopw/j04/cocoon/SSA_domain/ch9_wavelet/2023/12/202312082330.nc
Processed 671500/711229 files...
Corrupted or unreadable file skipped: /gws/nopw/j04/cocoon/SSA_domain/ch9_wavelet/2023/12/202312120615.nc
Corrupted or unreadable file skipped: /gws/nopw/j04/cocoon/SSA_domain/ch9_wavelet/2023/12/202312140600.nc
Corrupted or unreadable file skipped: /gws/nopw/j04/cocoon/SSA_domain/ch9_wavelet/2023/12/202312150630.nc
Processed 672000/711229 files...
Corrupted or unreadable file skipped: /gws/nopw/j04/cocoon/SSA_domain/ch9_wavelet/2023/12/202312162200.nc
Corrupted or unreadable file skipped: /gws/nopw/j04/cocoon/SSA_domain/ch9_wavelet/2023/12/202312180415.nc
Processed 672500/711229 files...
Corrupted or unreadable file skipped: /gws/nopw/j04/cocoon/SSA_domain/ch9_wavelet/2023/12/202312221315.nc
Corrupted or unreadable file skipped: /gws/nopw/j04/cocoon/SSA_domain/ch9_wavelet/2023/12/202312231245.nc
Corrupted or unreadable file skipped: /gws/nopw/j04/cocoon/SSA_domain/ch9_wavelet/2023/12/202312250430.nc
Corrupted or unreadable file skipped: /gws/nopw/j04/cocoon/SSA_domain/ch9_wavelet/2023/12/202312260515.nc
Processed 673000/711229 files...
Processed 673500/711229 files...
Corrupted or unreadable file skipped: /gws/nopw/j04/cocoon/SSA_domain/ch9_wavelet/2023/12/202312311245.nc
Processed 674000/711229 files...
Processed 674500/711229 files...
Processed 675000/711229 files...
Processed 675500/711229 files...
Processed 676000/711229 files...
Processed 676500/711229 files...
Processed 677000/711229 files...
Processed 677500/711229 files...
Processed 678000/711229 files...
Processed 678500/711229 files...
Processed 679000/711229 files...
Processed 679500/711229 files...
Processed 680000/711229 files...
Processed 680500/711229 files...
Processed 681000/711229 files...
Processed 681500/711229 files...
Processed 682000/711229 files...
Processed 682500/711229 files...
Processed 683000/711229 files...
Processed 683500/711229 files...
Processed 684000/711229 files...
Processed 684500/711229 files...
Processed 685000/711229 files...
Processed 685500/711229 files...
Processed 686000/711229 files...
Processed 686500/711229 files...
Processed 687000/711229 files...
Processed 687500/711229 files...
Processed 688000/711229 files...
Processed 688500/711229 files...
Processed 689000/711229 files...
Processed 689500/711229 files...
Processed 690000/711229 files...
Processed 690500/711229 files...
Processed 691000/711229 files...
Processed 691500/711229 files...
Processed 692000/711229 files...
Processed 692500/711229 files...
Processed 693000/711229 files...
Processed 693500/711229 files...
Processed 694000/711229 files...
Processed 694500/711229 files...
Processed 695000/711229 files...
Processed 695500/711229 files...
Processed 696000/711229 files...
Processed 696500/711229 files...
Processed 697000/711229 files...
Processed 697500/711229 files...
Processed 698000/711229 files...
Processed 698500/711229 files...
Processed 699000/711229 files...
Processed 699500/711229 files...
Processed 700000/711229 files...
Processed 700500/711229 files...
Processed 701000/711229 files...
Processed 701500/711229 files...
Processed 702000/711229 files...
Processed 702500/711229 files...
Processed 703000/711229 files...
Processed 703500/711229 files...
Processed 704000/711229 files...
Processed 704500/711229 files...
Processed 705000/711229 files...
Processed 705500/711229 files...
Processed 706000/711229 files...
Processed 706500/711229 files...
Processed 707000/711229 files...
Processed 707500/711229 files...
Processed 708000/711229 files...
Processed 708500/711229 files...
Processed 709000/711229 files...
Processed 709500/711229 files...
Processed 710000/711229 files...
Processed 710500/711229 files...
Processed 711000/711229 files...

Saved storm count array (151096 entries) to /home/users/mendrika/Zambia-Intercomparison/outputs/nbx0/nbx0-zambia.npy
