Error processing /gws/nopw/j04/cocoon/SSA_domain/ch9_wavelet/2024/02/202402272300.nc: cannot unpack non-iterable NoneType object
Error processing /gws/nopw/j04/cocoon/SSA_domain/ch9_wavelet/2024/02/202402272200.nc: cannot unpack non-iterable NoneType object
Error processing /gws/nopw/j04/cocoon/SSA_domain/ch9_wavelet/2024/02/202402272100.nc: cannot unpack non-iterable NoneType object
No valid input tensor for 20240227_2300
Error processing /gws/nopw/j04/cocoon/SSA_domain/ch9_wavelet/2024/02/202402272315.nc: cannot unpack non-iterable NoneType object
Error processing /gws/nopw/j04/cocoon/SSA_domain/ch9_wavelet/2024/02/202402272215.nc: cannot unpack non-iterable NoneType object
Error processing /gws/nopw/j04/cocoon/SSA_domain/ch9_wavelet/2024/02/202402272115.nc: cannot unpack non-iterable NoneType object
No valid input tensor for 20240227_2315
Error processing /gws/nopw/j04/cocoon/SSA_domain/ch9_wavelet/2024/02/202402272330.nc: cannot unpack non-iterable NoneType object
Error processing /gws/nopw/j04/cocoon/SSA_domain/ch9_wavelet/2024/02/202402272230.nc: cannot unpack non-iterable NoneType object
Error processing /gws/nopw/j04/cocoon/SSA_domain/ch9_wavelet/2024/02/202402272130.nc: cannot unpack non-iterable NoneType object
No valid input tensor for 20240227_2330
Error processing /gws/nopw/j04/cocoon/SSA_domain/ch9_wavelet/2024/02/202402272345.nc: cannot unpack non-iterable NoneType object
Error processing /gws/nopw/j04/cocoon/SSA_domain/ch9_wavelet/2024/02/202402272245.nc: cannot unpack non-iterable NoneType object
Error processing /gws/nopw/j04/cocoon/SSA_domain/ch9_wavelet/2024/02/202402272145.nc: cannot unpack non-iterable NoneType object
No valid input tensor for 20240227_2345
Error processing /gws/nopw/j04/cocoon/SSA_domain/ch9_wavelet/2024/02/202402280000.nc: cannot unpack non-iterable NoneType object
Error processing /gws/nopw/j04/cocoon/SSA_domain/ch9_wavelet/2024/02/202402272300.nc: cannot unpack non-iterable NoneType object
Error processing /gws/nopw/j04/cocoon/SSA_domain/ch9_wavelet/2024/02/202402272200.nc: cannot unpack non-iterable NoneType object
No valid input tensor for 20240228_0000
Error processing /gws/nopw/j04/cocoon/SSA_domain/ch9_wavelet/2024/02/202402280015.nc: cannot unpack non-iterable NoneType object
Error processing /gws/nopw/j04/cocoon/SSA_domain/ch9_wavelet/2024/02/202402272315.nc: cannot unpack non-iterable NoneType object
Error processing /gws/nopw/j04/cocoon/SSA_domain/ch9_wavelet/2024/02/202402272215.nc: cannot unpack non-iterable NoneType object
No valid input tensor for 20240228_0015
Error processing /gws/nopw/j04/cocoon/SSA_domain/ch9_wavelet/2024/02/202402280030.nc: cannot unpack non-iterable NoneType object
Error processing /gws/nopw/j04/cocoon/SSA_domain/ch9_wavelet/2024/02/202402272330.nc: cannot unpack non-iterable NoneType object
Error processing /gws/nopw/j04/cocoon/SSA_domain/ch9_wavelet/2024/02/202402272230.nc: cannot unpack non-iterable NoneType object
No valid input tensor for 20240228_0030
Error processing /gws/nopw/j04/cocoon/SSA_domain/ch9_wavelet/2024/02/202402280045.nc: cannot unpack non-iterable NoneType object
Error processing /gws/nopw/j04/cocoon/SSA_domain/ch9_wavelet/2024/02/202402272345.nc: cannot unpack non-iterable NoneType object
Error processing /gws/nopw/j04/cocoon/SSA_domain/ch9_wavelet/2024/02/202402272245.nc: cannot unpack non-iterable NoneType object
No valid input tensor for 20240228_0045
Error processing /gws/nopw/j04/cocoon/SSA_domain/ch9_wavelet/2024/02/202402280100.nc: cannot unpack non-iterable NoneType object
Error processing /gws/nopw/j04/cocoon/SSA_domain/ch9_wavelet/2024/02/202402280000.nc: cannot unpack non-iterable NoneType object
Error processing /gws/nopw/j04/cocoon/SSA_domain/ch9_wavelet/2024/02/202402272300.nc: cannot unpack non-iterable NoneType object
No valid input tensor for 20240228_0100
Error processing /gws/nopw/j04/cocoon/SSA_domain/ch9_wavelet/2024/02/202402280115.nc: cannot unpack non-iterable NoneType object
Error processing /gws/nopw/j04/cocoon/SSA_domain/ch9_wavelet/2024/02/202402280015.nc: cannot unpack non-iterable NoneType object
Error processing /gws/nopw/j04/cocoon/SSA_domain/ch9_wavelet/2024/02/202402272315.nc: cannot unpack non-iterable NoneType object
No valid input tensor for 20240228_0115
Error processing /gws/nopw/j04/cocoon/SSA_domain/ch9_wavelet/2024/02/202402280130.nc: cannot unpack non-iterable NoneType object
Error processing /gws/nopw/j04/cocoon/SSA_domain/ch9_wavelet/2024/02/202402280030.nc: cannot unpack non-iterable NoneType object
Error processing /gws/nopw/j04/cocoon/SSA_domain/ch9_wavelet/2024/02/202402272330.nc: cannot unpack non-iterable NoneType object
No valid input tensor for 20240228_0130
Error processing /gws/nopw/j04/cocoon/SSA_domain/ch9_wavelet/2024/02/202402280145.nc: cannot unpack non-iterable NoneType object
Error processing /gws/nopw/j04/cocoon/SSA_domain/ch9_wavelet/2024/02/202402280045.nc: cannot unpack non-iterable NoneType object
Error processing /gws/nopw/j04/cocoon/SSA_domain/ch9_wavelet/2024/02/202402272345.nc: cannot unpack non-iterable NoneType object
No valid input tensor for 20240228_0145
Error processing /gws/nopw/j04/cocoon/SSA_domain/ch9_wavelet/2024/02/202402280200.nc: cannot unpack non-iterable NoneType object
Error processing /gws/nopw/j04/cocoon/SSA_domain/ch9_wavelet/2024/02/202402280100.nc: cannot unpack non-iterable NoneType object
Error processing /gws/nopw/j04/cocoon/SSA_domain/ch9_wavelet/2024/02/202402280000.nc: cannot unpack non-iterable NoneType object
No valid input tensor for 20240228_0200
Error processing /gws/nopw/j04/cocoon/SSA_domain/ch9_wavelet/2024/02/202402280215.nc: cannot unpack non-iterable NoneType object
Error processing /gws/nopw/j04/cocoon/SSA_domain/ch9_wavelet/2024/02/202402280115.nc: cannot unpack non-iterable NoneType object
Error processing /gws/nopw/j04/cocoon/SSA_domain/ch9_wavelet/2024/02/202402280015.nc: cannot unpack non-iterable NoneType object
No valid input tensor for 20240228_0215
Error processing /gws/nopw/j04/cocoon/SSA_domain/ch9_wavelet/2024/02/202402280230.nc: cannot unpack non-iterable NoneType object
Error processing /gws/nopw/j04/cocoon/SSA_domain/ch9_wavelet/2024/02/202402280130.nc: cannot unpack non-iterable NoneType object
Error processing /gws/nopw/j04/cocoon/SSA_domain/ch9_wavelet/2024/02/202402280030.nc: cannot unpack non-iterable NoneType object
No valid input tensor for 20240228_0230
Error processing /gws/nopw/j04/cocoon/SSA_domain/ch9_wavelet/2024/02/202402280245.nc: cannot unpack non-iterable NoneType object
Error processing /gws/nopw/j04/cocoon/SSA_domain/ch9_wavelet/2024/02/202402280145.nc: cannot unpack non-iterable NoneType object
Error processing /gws/nopw/j04/cocoon/SSA_domain/ch9_wavelet/2024/02/202402280045.nc: cannot unpack non-iterable NoneType object
No valid input tensor for 20240228_0245
Error processing /gws/nopw/j04/cocoon/SSA_domain/ch9_wavelet/2024/02/202402280300.nc: cannot unpack non-iterable NoneType object
Error processing /gws/nopw/j04/cocoon/SSA_domain/ch9_wavelet/2024/02/202402280200.nc: cannot unpack non-iterable NoneType object
Error processing /gws/nopw/j04/cocoon/SSA_domain/ch9_wavelet/2024/02/202402280100.nc: cannot unpack non-iterable NoneType object
No valid input tensor for 20240228_0300
Error processing /gws/nopw/j04/cocoon/SSA_domain/ch9_wavelet/2024/02/202402280315.nc: cannot unpack non-iterable NoneType object
Error processing /gws/nopw/j04/cocoon/SSA_domain/ch9_wavelet/2024/02/202402280215.nc: cannot unpack non-iterable NoneType object
Error processing /gws/nopw/j04/cocoon/SSA_domain/ch9_wavelet/2024/02/202402280115.nc: cannot unpack non-iterable NoneType object
No valid input tensor for 20240228_0315
Error processing /gws/nopw/j04/cocoon/SSA_domain/ch9_wavelet/2024/02/202402280330.nc: cannot unpack non-iterable NoneType object
Error processing /gws/nopw/j04/cocoon/SSA_domain/ch9_wavelet/2024/02/202402280230.nc: cannot unpack non-iterable NoneType object
Error processing /gws/nopw/j04/cocoon/SSA_domain/ch9_wavelet/2024/02/202402280130.nc: cannot unpack non-iterable NoneType object
No valid input tensor for 20240228_0330
Error processing /gws/nopw/j04/cocoon/SSA_domain/ch9_wavelet/2024/02/202402280345.nc: cannot unpack non-iterable NoneType object
Error processing /gws/nopw/j04/cocoon/SSA_domain/ch9_wavelet/2024/02/202402280245.nc: cannot unpack non-iterable NoneType object
Error processing /gws/nopw/j04/cocoon/SSA_domain/ch9_wavelet/2024/02/202402280145.nc: cannot unpack non-iterable NoneType object
No valid input tensor for 20240228_0345
Error processing /gws/nopw/j04/cocoon/SSA_domain/ch9_wavelet/2024/02/202402280400.nc: cannot unpack non-iterable NoneType object
Error processing /gws/nopw/j04/cocoon/SSA_domain/ch9_wavelet/2024/02/202402280300.nc: cannot unpack non-iterable NoneType object
Error processing /gws/nopw/j04/cocoon/SSA_domain/ch9_wavelet/2024/02/202402280200.nc: cannot unpack non-iterable NoneType object
No valid input tensor for 20240228_0400
Error processing /gws/nopw/j04/cocoon/SSA_domain/ch9_wavelet/2024/02/202402280415.nc: cannot unpack non-iterable NoneType object
Error processing /gws/nopw/j04/cocoon/SSA_domain/ch9_wavelet/2024/02/202402280315.nc: cannot unpack non-iterable NoneType object
Error processing /gws/nopw/j04/cocoon/SSA_domain/ch9_wavelet/2024/02/202402280215.nc: cannot unpack non-iterable NoneType object
No valid input tensor for 20240228_0415
Error processing /gws/nopw/j04/cocoon/SSA_domain/ch9_wavelet/2024/02/202402280430.nc: cannot unpack non-iterable NoneType object
Error processing /gws/nopw/j04/cocoon/SSA_domain/ch9_wavelet/2024/02/202402280330.nc: cannot unpack non-iterable NoneType object
Error processing /gws/nopw/j04/cocoon/SSA_domain/ch9_wavelet/2024/02/202402280230.nc: cannot unpack non-iterable NoneType object
No valid input tensor for 20240228_0430
Error processing /gws/nopw/j04/cocoon/SSA_domain/ch9_wavelet/2024/02/202402280445.nc: cannot unpack non-iterable NoneType object
Error processing /gws/nopw/j04/cocoon/SSA_domain/ch9_wavelet/2024/02/202402280345.nc: cannot unpack non-iterable NoneType object
Error processing /gws/nopw/j04/cocoon/SSA_domain/ch9_wavelet/2024/02/202402280245.nc: cannot unpack non-iterable NoneType object
No valid input tensor for 20240228_0445
Error processing /gws/nopw/j04/cocoon/SSA_domain/ch9_wavelet/2024/02/202402280500.nc: cannot unpack non-iterable NoneType object
Error processing /gws/nopw/j04/cocoon/SSA_domain/ch9_wavelet/2024/02/202402280400.nc: cannot unpack non-iterable NoneType object
Error processing /gws/nopw/j04/cocoon/SSA_domain/ch9_wavelet/2024/02/202402280300.nc: cannot unpack non-iterable NoneType object
No valid input tensor for 20240228_0500
Error processing /gws/nopw/j04/cocoon/SSA_domain/ch9_wavelet/2024/02/202402280515.nc: cannot unpack non-iterable NoneType object
Error processing /gws/nopw/j04/cocoon/SSA_domain/ch9_wavelet/2024/02/202402280415.nc: cannot unpack non-iterable NoneType object
Error processing /gws/nopw/j04/cocoon/SSA_domain/ch9_wavelet/2024/02/202402280315.nc: cannot unpack non-iterable NoneType object
No valid input tensor for 20240228_0515
Error processing /gws/nopw/j04/cocoon/SSA_domain/ch9_wavelet/2024/02/202402280530.nc: cannot unpack non-iterable NoneType object
Error processing /gws/nopw/j04/cocoon/SSA_domain/ch9_wavelet/2024/02/202402280430.nc: cannot unpack non-iterable NoneType object
Error processing /gws/nopw/j04/cocoon/SSA_domain/ch9_wavelet/2024/02/202402280330.nc: cannot unpack non-iterable NoneType object
No valid input tensor for 20240228_0530
Error processing /gws/nopw/j04/cocoon/SSA_domain/ch9_wavelet/2024/02/202402280545.nc: cannot unpack non-iterable NoneType object
Error processing /gws/nopw/j04/cocoon/SSA_domain/ch9_wavelet/2024/02/202402280445.nc: cannot unpack non-iterable NoneType object
Error processing /gws/nopw/j04/cocoon/SSA_domain/ch9_wavelet/2024/02/202402280345.nc: cannot unpack non-iterable NoneType object
No valid input tensor for 20240228_0545
Error processing /gws/nopw/j04/cocoon/SSA_domain/ch9_wavelet/2024/02/202402280600.nc: cannot unpack non-iterable NoneType object
Error processing /gws/nopw/j04/cocoon/SSA_domain/ch9_wavelet/2024/02/202402280500.nc: cannot unpack non-iterable NoneType object
Error processing /gws/nopw/j04/cocoon/SSA_domain/ch9_wavelet/2024/02/202402280400.nc: cannot unpack non-iterable NoneType object
No valid input tensor for 20240228_0600
Error processing /gws/nopw/j04/cocoon/SSA_domain/ch9_wavelet/2024/02/202402280615.nc: cannot unpack non-iterable NoneType object
Error processing /gws/nopw/j04/cocoon/SSA_domain/ch9_wavelet/2024/02/202402280515.nc: cannot unpack non-iterable NoneType object
Error processing /gws/nopw/j04/cocoon/SSA_domain/ch9_wavelet/2024/02/202402280415.nc: cannot unpack non-iterable NoneType object
No valid input tensor for 20240228_0615
Error processing /gws/nopw/j04/cocoon/SSA_domain/ch9_wavelet/2024/02/202402280530.nc: cannot unpack non-iterable NoneType object
Error processing /gws/nopw/j04/cocoon/SSA_domain/ch9_wavelet/2024/02/202402280430.nc: cannot unpack non-iterable NoneType object
Saved input tensor + global context: /gws/nopw/j04/wiser_ewsa/mrakotomanga/Intercomparison/raw/inputs_t0/input-20240228_0630.pt
Saved 5 targets for 20240228_0630
Error processing /gws/nopw/j04/cocoon/SSA_domain/ch9_wavelet/2024/02/202402280545.nc: cannot unpack non-iterable NoneType object
Error processing /gws/nopw/j04/cocoon/SSA_domain/ch9_wavelet/2024/02/202402280445.nc: cannot unpack non-iterable NoneType object
Saved input tensor + global context: /gws/nopw/j04/wiser_ewsa/mrakotomanga/Intercomparison/raw/inputs_t0/input-20240228_0645.pt
Saved 5 targets for 20240228_0645
Error processing /gws/nopw/j04/cocoon/SSA_domain/ch9_wavelet/2024/02/202402280600.nc: cannot unpack non-iterable NoneType object
Error processing /gws/nopw/j04/cocoon/SSA_domain/ch9_wavelet/2024/02/202402280500.nc: cannot unpack non-iterable NoneType object
Saved input tensor + global context: /gws/nopw/j04/wiser_ewsa/mrakotomanga/Intercomparison/raw/inputs_t0/input-20240228_0700.pt
Saved 5 targets for 20240228_0700
Error processing /gws/nopw/j04/cocoon/SSA_domain/ch9_wavelet/2024/02/202402280615.nc: cannot unpack non-iterable NoneType object
Error processing /gws/nopw/j04/cocoon/SSA_domain/ch9_wavelet/2024/02/202402280515.nc: cannot unpack non-iterable NoneType object
Saved input tensor + global context: /gws/nopw/j04/wiser_ewsa/mrakotomanga/Intercomparison/raw/inputs_t0/input-20240228_0715.pt
Saved 5 targets for 20240228_0715
Error processing /gws/nopw/j04/cocoon/SSA_domain/ch9_wavelet/2024/02/202402280530.nc: cannot unpack non-iterable NoneType object
Saved input tensor + global context: /gws/nopw/j04/wiser_ewsa/mrakotomanga/Intercomparison/raw/inputs_t0/input-20240228_0730.pt
Saved 5 targets for 20240228_0730
Error processing /gws/nopw/j04/cocoon/SSA_domain/ch9_wavelet/2024/02/202402280545.nc: cannot unpack non-iterable NoneType object
Saved input tensor + global context: /gws/nopw/j04/wiser_ewsa/mrakotomanga/Intercomparison/raw/inputs_t0/input-20240228_0745.pt
Saved 5 targets for 20240228_0745
Error processing /gws/nopw/j04/cocoon/SSA_domain/ch9_wavelet/2024/02/202402280800.nc: cannot unpack non-iterable NoneType object
Error processing /gws/nopw/j04/cocoon/SSA_domain/ch9_wavelet/2024/02/202402280600.nc: cannot unpack non-iterable NoneType object
Saved input tensor + global context: /gws/nopw/j04/wiser_ewsa/mrakotomanga/Intercomparison/raw/inputs_t0/input-20240228_0800.pt
Saved 5 targets for 20240228_0800
No core in the domain for 20240228_0815
No core in the domain for 20240228_0830
No core in the domain for 20240228_0845
No core in the domain for 20240228_0900
No core in the domain for 20240228_0915
No core in the domain for 20240228_0930
No core in the domain for 20240228_0945
Error processing /gws/nopw/j04/cocoon/SSA_domain/ch9_wavelet/2024/02/202402281000.nc: cannot unpack non-iterable NoneType object
Error processing /gws/nopw/j04/cocoon/SSA_domain/ch9_wavelet/2024/02/202402280800.nc: cannot unpack non-iterable NoneType object
Saved input tensor + global context: /gws/nopw/j04/wiser_ewsa/mrakotomanga/Intercomparison/raw/inputs_t0/input-20240228_1000.pt
Saved 5 targets for 20240228_1000
Error processing /gws/nopw/j04/cocoon/SSA_domain/ch9_wavelet/2024/02/202402281015.nc: cannot unpack non-iterable NoneType object
Saved input tensor + global context: /gws/nopw/j04/wiser_ewsa/mrakotomanga/Intercomparison/raw/inputs_t0/input-20240228_1015.pt
Saved 5 targets for 20240228_1015
Saved input tensor + global context: /gws/nopw/j04/wiser_ewsa/mrakotomanga/Intercomparison/raw/inputs_t0/input-20240228_1030.pt
Saved 5 targets for 20240228_1030
Saved input tensor + global context: /gws/nopw/j04/wiser_ewsa/mrakotomanga/Intercomparison/raw/inputs_t0/input-20240228_1045.pt
Saved 5 targets for 20240228_1045
Error processing /gws/nopw/j04/cocoon/SSA_domain/ch9_wavelet/2024/02/202402281100.nc: cannot unpack non-iterable NoneType object
Error processing /gws/nopw/j04/cocoon/SSA_domain/ch9_wavelet/2024/02/202402281000.nc: cannot unpack non-iterable NoneType object
Saved input tensor + global context: /gws/nopw/j04/wiser_ewsa/mrakotomanga/Intercomparison/raw/inputs_t0/input-20240228_1100.pt
Saved 5 targets for 20240228_1100
Error processing /gws/nopw/j04/cocoon/SSA_domain/ch9_wavelet/2024/02/202402281115.nc: cannot unpack non-iterable NoneType object
Error processing /gws/nopw/j04/cocoon/SSA_domain/ch9_wavelet/2024/02/202402281015.nc: cannot unpack non-iterable NoneType object
Saved input tensor + global context: /gws/nopw/j04/wiser_ewsa/mrakotomanga/Intercomparison/raw/inputs_t0/input-20240228_1115.pt
Saved 5 targets for 20240228_1115
Error processing /gws/nopw/j04/cocoon/SSA_domain/ch9_wavelet/2024/02/202402281130.nc: cannot unpack non-iterable NoneType object
Saved input tensor + global context: /gws/nopw/j04/wiser_ewsa/mrakotomanga/Intercomparison/raw/inputs_t0/input-20240228_1130.pt
Saved 5 targets for 20240228_1130
Error processing /gws/nopw/j04/cocoon/SSA_domain/ch9_wavelet/2024/02/202402281145.nc: cannot unpack non-iterable NoneType object
Saved input tensor + global context: /gws/nopw/j04/wiser_ewsa/mrakotomanga/Intercomparison/raw/inputs_t0/input-20240228_1145.pt
Saved 5 targets for 20240228_1145
Error processing /gws/nopw/j04/cocoon/SSA_domain/ch9_wavelet/2024/02/202402281200.nc: cannot unpack non-iterable NoneType object
Error processing /gws/nopw/j04/cocoon/SSA_domain/ch9_wavelet/2024/02/202402281100.nc: cannot unpack non-iterable NoneType object
Error processing /gws/nopw/j04/cocoon/SSA_domain/ch9_wavelet/2024/02/202402281000.nc: cannot unpack non-iterable NoneType object
No valid input tensor for 20240228_1200
Error processing /gws/nopw/j04/cocoon/SSA_domain/ch9_wavelet/2024/02/202402281115.nc: cannot unpack non-iterable NoneType object
Error processing /gws/nopw/j04/cocoon/SSA_domain/ch9_wavelet/2024/02/202402281015.nc: cannot unpack non-iterable NoneType object
Saved input tensor + global context: /gws/nopw/j04/wiser_ewsa/mrakotomanga/Intercomparison/raw/inputs_t0/input-20240228_1215.pt
Saved 5 targets for 20240228_1215
Error processing /gws/nopw/j04/cocoon/SSA_domain/ch9_wavelet/2024/02/202402281230.nc: cannot unpack non-iterable NoneType object
Error processing /gws/nopw/j04/cocoon/SSA_domain/ch9_wavelet/2024/02/202402281130.nc: cannot unpack non-iterable NoneType object
Saved input tensor + global context: /gws/nopw/j04/wiser_ewsa/mrakotomanga/Intercomparison/raw/inputs_t0/input-20240228_1230.pt
Saved 5 targets for 20240228_1230
Error processing /gws/nopw/j04/cocoon/SSA_domain/ch9_wavelet/2024/02/202402281245.nc: cannot unpack non-iterable NoneType object
Error processing /gws/nopw/j04/cocoon/SSA_domain/ch9_wavelet/2024/02/202402281145.nc: cannot unpack non-iterable NoneType object
Saved input tensor + global context: /gws/nopw/j04/wiser_ewsa/mrakotomanga/Intercomparison/raw/inputs_t0/input-20240228_1245.pt
Saved 5 targets for 20240228_1245
Error processing /gws/nopw/j04/cocoon/SSA_domain/ch9_wavelet/2024/02/202402281300.nc: cannot unpack non-iterable NoneType object
Error processing /gws/nopw/j04/cocoon/SSA_domain/ch9_wavelet/2024/02/202402281200.nc: cannot unpack non-iterable NoneType object
Error processing /gws/nopw/j04/cocoon/SSA_domain/ch9_wavelet/2024/02/202402281100.nc: cannot unpack non-iterable NoneType object
No valid input tensor for 20240228_1300
Error processing /gws/nopw/j04/cocoon/SSA_domain/ch9_wavelet/2024/02/202402281315.nc: cannot unpack non-iterable NoneType object
Error processing /gws/nopw/j04/cocoon/SSA_domain/ch9_wavelet/2024/02/202402281115.nc: cannot unpack non-iterable NoneType object
Saved input tensor + global context: /gws/nopw/j04/wiser_ewsa/mrakotomanga/Intercomparison/raw/inputs_t0/input-20240228_1315.pt
Saved 5 targets for 20240228_1315
Error processing /gws/nopw/j04/cocoon/SSA_domain/ch9_wavelet/2024/02/202402281330.nc: cannot unpack non-iterable NoneType object
Error processing /gws/nopw/j04/cocoon/SSA_domain/ch9_wavelet/2024/02/202402281230.nc: cannot unpack non-iterable NoneType object
Error processing /gws/nopw/j04/cocoon/SSA_domain/ch9_wavelet/2024/02/202402281130.nc: cannot unpack non-iterable NoneType object
No valid input tensor for 20240228_1330
Error processing /gws/nopw/j04/cocoon/SSA_domain/ch9_wavelet/2024/02/202402281345.nc: cannot unpack non-iterable NoneType object
Error processing /gws/nopw/j04/cocoon/SSA_domain/ch9_wavelet/2024/02/202402281245.nc: cannot unpack non-iterable NoneType object
Error processing /gws/nopw/j04/cocoon/SSA_domain/ch9_wavelet/2024/02/202402281145.nc: cannot unpack non-iterable NoneType object
No valid input tensor for 20240228_1345
Error processing /gws/nopw/j04/cocoon/SSA_domain/ch9_wavelet/2024/02/202402281400.nc: cannot unpack non-iterable NoneType object
Error processing /gws/nopw/j04/cocoon/SSA_domain/ch9_wavelet/2024/02/202402281300.nc: cannot unpack non-iterable NoneType object
Error processing /gws/nopw/j04/cocoon/SSA_domain/ch9_wavelet/2024/02/202402281200.nc: cannot unpack non-iterable NoneType object
No valid input tensor for 20240228_1400
Error processing /gws/nopw/j04/cocoon/SSA_domain/ch9_wavelet/2024/02/202402281415.nc: cannot unpack non-iterable NoneType object
Error processing /gws/nopw/j04/cocoon/SSA_domain/ch9_wavelet/2024/02/202402281315.nc: cannot unpack non-iterable NoneType object
Saved input tensor + global context: /gws/nopw/j04/wiser_ewsa/mrakotomanga/Intercomparison/raw/inputs_t0/input-20240228_1415.pt
Saved 5 targets for 20240228_1415
Error processing /gws/nopw/j04/cocoon/SSA_domain/ch9_wavelet/2024/02/202402281430.nc: cannot unpack non-iterable NoneType object
Error processing /gws/nopw/j04/cocoon/SSA_domain/ch9_wavelet/2024/02/202402281330.nc: cannot unpack non-iterable NoneType object
Error processing /gws/nopw/j04/cocoon/SSA_domain/ch9_wavelet/2024/02/202402281230.nc: cannot unpack non-iterable NoneType object
No valid input tensor for 20240228_1430
Error processing /gws/nopw/j04/cocoon/SSA_domain/ch9_wavelet/2024/02/202402281445.nc: cannot unpack non-iterable NoneType object
Error processing /gws/nopw/j04/cocoon/SSA_domain/ch9_wavelet/2024/02/202402281345.nc: cannot unpack non-iterable NoneType object
Error processing /gws/nopw/j04/cocoon/SSA_domain/ch9_wavelet/2024/02/202402281245.nc: cannot unpack non-iterable NoneType object
No valid input tensor for 20240228_1445
Error processing /gws/nopw/j04/cocoon/SSA_domain/ch9_wavelet/2024/02/202402281500.nc: cannot unpack non-iterable NoneType object
Error processing /gws/nopw/j04/cocoon/SSA_domain/ch9_wavelet/2024/02/202402281400.nc: cannot unpack non-iterable NoneType object
Error processing /gws/nopw/j04/cocoon/SSA_domain/ch9_wavelet/2024/02/202402281300.nc: cannot unpack non-iterable NoneType object
No valid input tensor for 20240228_1500
Error processing /gws/nopw/j04/cocoon/SSA_domain/ch9_wavelet/2024/02/202402281515.nc: cannot unpack non-iterable NoneType object
Error processing /gws/nopw/j04/cocoon/SSA_domain/ch9_wavelet/2024/02/202402281415.nc: cannot unpack non-iterable NoneType object
Error processing /gws/nopw/j04/cocoon/SSA_domain/ch9_wavelet/2024/02/202402281315.nc: cannot unpack non-iterable NoneType object
No valid input tensor for 20240228_1515
Error processing /gws/nopw/j04/cocoon/SSA_domain/ch9_wavelet/2024/02/202402281530.nc: cannot unpack non-iterable NoneType object
Error processing /gws/nopw/j04/cocoon/SSA_domain/ch9_wavelet/2024/02/202402281430.nc: cannot unpack non-iterable NoneType object
Error processing /gws/nopw/j04/cocoon/SSA_domain/ch9_wavelet/2024/02/202402281330.nc: cannot unpack non-iterable NoneType object
No valid input tensor for 20240228_1530
Error processing /gws/nopw/j04/cocoon/SSA_domain/ch9_wavelet/2024/02/202402281545.nc: cannot unpack non-iterable NoneType object
Error processing /gws/nopw/j04/cocoon/SSA_domain/ch9_wavelet/2024/02/202402281445.nc: cannot unpack non-iterable NoneType object
Error processing /gws/nopw/j04/cocoon/SSA_domain/ch9_wavelet/2024/02/202402281345.nc: cannot unpack non-iterable NoneType object
No valid input tensor for 20240228_1545
Error processing /gws/nopw/j04/cocoon/SSA_domain/ch9_wavelet/2024/02/202402281600.nc: cannot unpack non-iterable NoneType object
Error processing /gws/nopw/j04/cocoon/SSA_domain/ch9_wavelet/2024/02/202402281500.nc: cannot unpack non-iterable NoneType object
Error processing /gws/nopw/j04/cocoon/SSA_domain/ch9_wavelet/2024/02/202402281400.nc: cannot unpack non-iterable NoneType object
No valid input tensor for 20240228_1600
Error processing /gws/nopw/j04/cocoon/SSA_domain/ch9_wavelet/2024/02/202402281615.nc: cannot unpack non-iterable NoneType object
Error processing /gws/nopw/j04/cocoon/SSA_domain/ch9_wavelet/2024/02/202402281515.nc: cannot unpack non-iterable NoneType object
Error processing /gws/nopw/j04/cocoon/SSA_domain/ch9_wavelet/2024/02/202402281415.nc: cannot unpack non-iterable NoneType object
No valid input tensor for 20240228_1615
Error processing /gws/nopw/j04/cocoon/SSA_domain/ch9_wavelet/2024/02/202402281630.nc: cannot unpack non-iterable NoneType object
Error processing /gws/nopw/j04/cocoon/SSA_domain/ch9_wavelet/2024/02/202402281530.nc: cannot unpack non-iterable NoneType object
Error processing /gws/nopw/j04/cocoon/SSA_domain/ch9_wavelet/2024/02/202402281430.nc: cannot unpack non-iterable NoneType object
No valid input tensor for 20240228_1630
Error processing /gws/nopw/j04/cocoon/SSA_domain/ch9_wavelet/2024/02/202402281645.nc: cannot unpack non-iterable NoneType object
Error processing /gws/nopw/j04/cocoon/SSA_domain/ch9_wavelet/2024/02/202402281545.nc: cannot unpack non-iterable NoneType object
Error processing /gws/nopw/j04/cocoon/SSA_domain/ch9_wavelet/2024/02/202402281445.nc: cannot unpack non-iterable NoneType object
No valid input tensor for 20240228_1645
Error processing /gws/nopw/j04/cocoon/SSA_domain/ch9_wavelet/2024/02/202402281600.nc: cannot unpack non-iterable NoneType object
Error processing /gws/nopw/j04/cocoon/SSA_domain/ch9_wavelet/2024/02/202402281500.nc: cannot unpack non-iterable NoneType object
Saved input tensor + global context: /gws/nopw/j04/wiser_ewsa/mrakotomanga/Intercomparison/raw/inputs_t0/input-20240228_1700.pt
Saved 5 targets for 20240228_1700
Error processing /gws/nopw/j04/cocoon/SSA_domain/ch9_wavelet/2024/02/202402281615.nc: cannot unpack non-iterable NoneType object
Error processing /gws/nopw/j04/cocoon/SSA_domain/ch9_wavelet/2024/02/202402281515.nc: cannot unpack non-iterable NoneType object
Saved input tensor + global context: /gws/nopw/j04/wiser_ewsa/mrakotomanga/Intercomparison/raw/inputs_t0/input-20240228_1715.pt
Saved 5 targets for 20240228_1715
Error processing /gws/nopw/j04/cocoon/SSA_domain/ch9_wavelet/2024/02/202402281730.nc: cannot unpack non-iterable NoneType object
Error processing /gws/nopw/j04/cocoon/SSA_domain/ch9_wavelet/2024/02/202402281630.nc: cannot unpack non-iterable NoneType object
Error processing /gws/nopw/j04/cocoon/SSA_domain/ch9_wavelet/2024/02/202402281530.nc: cannot unpack non-iterable NoneType object
No valid input tensor for 20240228_1730
Error processing /gws/nopw/j04/cocoon/SSA_domain/ch9_wavelet/2024/02/202402281745.nc: cannot unpack non-iterable NoneType object
Error processing /gws/nopw/j04/cocoon/SSA_domain/ch9_wavelet/2024/02/202402281645.nc: cannot unpack non-iterable NoneType object
Error processing /gws/nopw/j04/cocoon/SSA_domain/ch9_wavelet/2024/02/202402281545.nc: cannot unpack non-iterable NoneType object
No valid input tensor for 20240228_1745
Missing required files for /gws/nopw/j04/cocoon/SSA_domain/ch9_wavelet/2024/02/202402281800.nc
Missing required files for /gws/nopw/j04/cocoon/SSA_domain/ch9_wavelet/2024/02/202402281815.nc
Missing required files for /gws/nopw/j04/cocoon/SSA_domain/ch9_wavelet/2024/02/202402281830.nc
Missing required files for /gws/nopw/j04/cocoon/SSA_domain/ch9_wavelet/2024/02/202402281845.nc
Missing required files for /gws/nopw/j04/cocoon/SSA_domain/ch9_wavelet/2024/02/202402281900.nc
Missing required files for /gws/nopw/j04/cocoon/SSA_domain/ch9_wavelet/2024/02/202402281915.nc
Missing required files for /gws/nopw/j04/cocoon/SSA_domain/ch9_wavelet/2024/02/202402281930.nc
Missing required files for /gws/nopw/j04/cocoon/SSA_domain/ch9_wavelet/2024/02/202402281945.nc
Missing required files for /gws/nopw/j04/cocoon/SSA_domain/ch9_wavelet/2024/02/202402282000.nc
Missing required files for /gws/nopw/j04/cocoon/SSA_domain/ch9_wavelet/2024/02/202402282015.nc
Missing required files for /gws/nopw/j04/cocoon/SSA_domain/ch9_wavelet/2024/02/202402282030.nc
Missing required files for /gws/nopw/j04/cocoon/SSA_domain/ch9_wavelet/2024/02/202402282045.nc
Missing required files for /gws/nopw/j04/cocoon/SSA_domain/ch9_wavelet/2024/02/202402282100.nc
Missing required files for /gws/nopw/j04/cocoon/SSA_domain/ch9_wavelet/2024/02/202402282115.nc
Missing required files for /gws/nopw/j04/cocoon/SSA_domain/ch9_wavelet/2024/02/202402282130.nc
Missing required files for /gws/nopw/j04/cocoon/SSA_domain/ch9_wavelet/2024/02/202402282145.nc
Missing required files for /gws/nopw/j04/cocoon/SSA_domain/ch9_wavelet/2024/02/202402282200.nc
Missing required files for /gws/nopw/j04/cocoon/SSA_domain/ch9_wavelet/2024/02/202402282215.nc
Missing required files for /gws/nopw/j04/cocoon/SSA_domain/ch9_wavelet/2024/02/202402282230.nc
Missing required files for /gws/nopw/j04/cocoon/SSA_domain/ch9_wavelet/2024/02/202402282245.nc
Missing required files for /gws/nopw/j04/cocoon/SSA_domain/ch9_wavelet/2024/02/202402282300.nc
Missing required files for /gws/nopw/j04/cocoon/SSA_domain/ch9_wavelet/2024/02/202402282315.nc
Missing required files for /gws/nopw/j04/cocoon/SSA_domain/ch9_wavelet/2024/02/202402282330.nc
Missing required files for /gws/nopw/j04/cocoon/SSA_domain/ch9_wavelet/2024/02/202402282345.nc
Job completed successfully.
