Creating shards for partition=TEST, lead time=2h
Total input files: 22,761
Saved shard_000 (1000 samples) → /gws/nopw/j04/wiser_ewsa/mrakotomanga/Intercomparison/shards/t2/test_t2/shard_000.pt
Skipping input-20200206_0915.pt due to unexpected shape:
  Input:  (192, 10)
  Target: (350, 370)
Skipping input-20200206_0930.pt due to unexpected shape:
  Input:  (192, 10)
  Target: (350, 370)
Skipping input-20200206_0945.pt due to unexpected shape:
  Input:  (96, 10)
  Target: (350, 370)
Skipping input-20200206_1000.pt due to unexpected shape:
  Input:  (192, 10)
  Target: (350, 370)
Skipping input-20200206_1015.pt due to unexpected shape:
  Input:  (192, 10)
  Target: (350, 370)
Skipping input-20200206_1030.pt due to unexpected shape:
  Input:  (192, 10)
  Target: (350, 370)
Skipping input-20200206_1045.pt due to unexpected shape:
  Input:  (192, 10)
  Target: (350, 370)
Saved shard_001 (1000 samples) → /gws/nopw/j04/wiser_ewsa/mrakotomanga/Intercomparison/shards/t2/test_t2/shard_001.pt
Saved shard_002 (1000 samples) → /gws/nopw/j04/wiser_ewsa/mrakotomanga/Intercomparison/shards/t2/test_t2/shard_002.pt
Saved shard_003 (1000 samples) → /gws/nopw/j04/wiser_ewsa/mrakotomanga/Intercomparison/shards/t2/test_t2/shard_003.pt
Saved shard_004 (1000 samples) → /gws/nopw/j04/wiser_ewsa/mrakotomanga/Intercomparison/shards/t2/test_t2/shard_004.pt
Saved shard_005 (1000 samples) → /gws/nopw/j04/wiser_ewsa/mrakotomanga/Intercomparison/shards/t2/test_t2/shard_005.pt
Saved shard_006 (1000 samples) → /gws/nopw/j04/wiser_ewsa/mrakotomanga/Intercomparison/shards/t2/test_t2/shard_006.pt
Saved shard_007 (1000 samples) → /gws/nopw/j04/wiser_ewsa/mrakotomanga/Intercomparison/shards/t2/test_t2/shard_007.pt
Saved shard_008 (1000 samples) → /gws/nopw/j04/wiser_ewsa/mrakotomanga/Intercomparison/shards/t2/test_t2/shard_008.pt
Saved shard_009 (1000 samples) → /gws/nopw/j04/wiser_ewsa/mrakotomanga/Intercomparison/shards/t2/test_t2/shard_009.pt
Saved shard_010 (1000 samples) → /gws/nopw/j04/wiser_ewsa/mrakotomanga/Intercomparison/shards/t2/test_t2/shard_010.pt
Saved shard_011 (1000 samples) → /gws/nopw/j04/wiser_ewsa/mrakotomanga/Intercomparison/shards/t2/test_t2/shard_011.pt
Saved shard_012 (1000 samples) → /gws/nopw/j04/wiser_ewsa/mrakotomanga/Intercomparison/shards/t2/test_t2/shard_012.pt
Skipping input-20221209_1015.pt due to unexpected shape:
  Input:  (192, 10)
  Target: (350, 370)
Saved shard_013 (1000 samples) → /gws/nopw/j04/wiser_ewsa/mrakotomanga/Intercomparison/shards/t2/test_t2/shard_013.pt
Saved shard_014 (1000 samples) → /gws/nopw/j04/wiser_ewsa/mrakotomanga/Intercomparison/shards/t2/test_t2/shard_014.pt
Saved shard_015 (1000 samples) → /gws/nopw/j04/wiser_ewsa/mrakotomanga/Intercomparison/shards/t2/test_t2/shard_015.pt
Saved shard_016 (1000 samples) → /gws/nopw/j04/wiser_ewsa/mrakotomanga/Intercomparison/shards/t2/test_t2/shard_016.pt
Saved shard_017 (1000 samples) → /gws/nopw/j04/wiser_ewsa/mrakotomanga/Intercomparison/shards/t2/test_t2/shard_017.pt
Skipping input-20231203_1945.pt due to unexpected shape:
  Input:  (192, 10)
  Target: (350, 370)
Skipping input-20231203_2045.pt due to unexpected shape:
  Input:  (192, 10)
  Target: (350, 370)
Skipping input-20231208_1815.pt due to unexpected shape:
  Input:  (192, 10)
  Target: (350, 370)
Skipping input-20231214_0700.pt due to unexpected shape:
  Input:  (192, 10)
  Target: (350, 370)
Skipping input-20231214_0800.pt due to unexpected shape:
  Input:  (192, 10)
  Target: (350, 370)
Skipping input-20231216_2300.pt due to unexpected shape:
  Input:  (192, 10)
  Target: (350, 370)
Skipping input-20231217_0000.pt due to unexpected shape:
  Input:  (192, 10)
  Target: (350, 370)
Skipping input-20231218_0515.pt due to unexpected shape:
  Input:  (192, 10)
  Target: (350, 370)
Skipping input-20231218_0615.pt due to unexpected shape:
  Input:  (192, 10)
  Target: (350, 370)
Saved shard_018 (1000 samples) → /gws/nopw/j04/wiser_ewsa/mrakotomanga/Intercomparison/shards/t2/test_t2/shard_018.pt
Skipping input-20231222_1415.pt due to unexpected shape:
  Input:  (192, 10)
  Target: (350, 370)
Skipping input-20231222_1515.pt due to unexpected shape:
  Input:  (192, 10)
  Target: (350, 370)
Skipping input-20231223_1345.pt due to unexpected shape:
  Input:  (192, 10)
  Target: (350, 370)
Skipping input-20231223_1445.pt due to unexpected shape:
  Input:  (192, 10)
  Target: (350, 370)
Skipping input-20231226_0615.pt due to unexpected shape:
  Input:  (192, 10)
  Target: (350, 370)
Skipping input-20231226_0715.pt due to unexpected shape:
  Input:  (192, 10)
  Target: (350, 370)
Skipping input-20231231_1345.pt due to unexpected shape:
  Input:  (192, 10)
  Target: (350, 370)
Skipping input-20231231_1445.pt due to unexpected shape:
  Input:  (192, 10)
  Target: (350, 370)
Saved shard_019 (1000 samples) → /gws/nopw/j04/wiser_ewsa/mrakotomanga/Intercomparison/shards/t2/test_t2/shard_019.pt
Saved shard_020 (1000 samples) → /gws/nopw/j04/wiser_ewsa/mrakotomanga/Intercomparison/shards/t2/test_t2/shard_020.pt
Skipping input-20240126_1145.pt due to unexpected shape:
  Input:  (192, 10)
  Target: (350, 370)
Saved shard_021 (1000 samples) → /gws/nopw/j04/wiser_ewsa/mrakotomanga/Intercomparison/shards/t2/test_t2/shard_021.pt
Saved shard_022 (735 samples) → /gws/nopw/j04/wiser_ewsa/mrakotomanga/Intercomparison/shards/t2/test_t2/shard_022.pt
Finished creating TEST shards for LT2.
Job completed successfully.
